<?xml version="1.0" encoding="UTF-8"?>
<!-- Generated by org.testng.reporters.JUnitReportReporter -->
<testsuite hostname="connor-tablet" failures="0" tests="2" name="com.javatpoint.SeleniumTestngTest" time="0.036" errors="0" timestamp="2024-07-02T15:35:30 NZST" skipped="0">
  <testcase classname="com.javatpoint.SeleniumTestngTest" name="test2" time="0.009"/>
  <testcase classname="com.javatpoint.SeleniumTestngTest" name="test1" time="0.027"/>
</testsuite> <!-- com.javatpoint.SeleniumTestngTest -->
